0 info it worked if it ends with ok
1 verbose cli [ '/Users/coristig/.nvm/versions/node/v6.5.0/bin/node',
1 verbose cli   '/Users/coristig/.nvm/versions/node/v6.5.0/bin/npm',
1 verbose cli   'start' ]
2 info using npm@3.10.3
3 info using node@v6.5.0
4 verbose run-script [ 'prestart', 'start', 'poststart' ]
5 info lifecycle coristig.github.io@0.0.0~prestart: coristig.github.io@0.0.0
6 silly lifecycle coristig.github.io@0.0.0~prestart: no script for prestart, continuing
7 info lifecycle coristig.github.io@0.0.0~start: coristig.github.io@0.0.0
8 verbose lifecycle coristig.github.io@0.0.0~start: unsafe-perm in lifecycle true
9 verbose lifecycle coristig.github.io@0.0.0~start: PATH: /Users/coristig/.nvm/versions/node/v6.5.0/lib/node_modules/npm/bin/node-gyp-bin:/Users/coristig/github/colin/coristig.github.io/node_modules/.bin:/Users/coristig/.nvm/versions/node/v6.5.0/bin:/Users/coristig/rodeoconda/bin:/Users/coristig/ImageMagick-7.0.3/bin:/Applications/calibre.app/Contents/MacOS:/Users/coristig/.nvm/versions/node/v6.5.0/bin:/usr/local/bin:/Users/coristig/gopath/bin:/usr/local/share/npm/bin:/Users/coristig/bin:/usr/local/share/python:/usr/local/bin:/usr/local/bin:/usr/bin:/bin:/usr/sbin:/sbin:/opt/X11/bin:/usr/local/go/bin:/usr/local/MacGPG2/bin
10 verbose lifecycle coristig.github.io@0.0.0~start: CWD: /Users/coristig/github/colin/coristig.github.io
11 silly lifecycle coristig.github.io@0.0.0~start: Args: [ '-c', 'node ./bin/www' ]
12 silly lifecycle coristig.github.io@0.0.0~start: Returned: code: 1  signal: null
13 info lifecycle coristig.github.io@0.0.0~start: Failed to exec start script
14 verbose stack Error: coristig.github.io@0.0.0 start: `node ./bin/www`
14 verbose stack Exit status 1
14 verbose stack     at EventEmitter.<anonymous> (/Users/coristig/.nvm/versions/node/v6.5.0/lib/node_modules/npm/lib/utils/lifecycle.js:242:16)
14 verbose stack     at emitTwo (events.js:106:13)
14 verbose stack     at EventEmitter.emit (events.js:191:7)
14 verbose stack     at ChildProcess.<anonymous> (/Users/coristig/.nvm/versions/node/v6.5.0/lib/node_modules/npm/lib/utils/spawn.js:40:14)
14 verbose stack     at emitTwo (events.js:106:13)
14 verbose stack     at ChildProcess.emit (events.js:191:7)
14 verbose stack     at maybeClose (internal/child_process.js:877:16)
14 verbose stack     at Process.ChildProcess._handle.onexit (internal/child_process.js:226:5)
15 verbose pkgid coristig.github.io@0.0.0
16 verbose cwd /Users/coristig/github/colin/coristig.github.io
17 error Darwin 14.5.0
18 error argv "/Users/coristig/.nvm/versions/node/v6.5.0/bin/node" "/Users/coristig/.nvm/versions/node/v6.5.0/bin/npm" "start"
19 error node v6.5.0
20 error npm  v3.10.3
21 error code ELIFECYCLE
22 error coristig.github.io@0.0.0 start: `node ./bin/www`
22 error Exit status 1
23 error Failed at the coristig.github.io@0.0.0 start script 'node ./bin/www'.
23 error Make sure you have the latest version of node.js and npm installed.
23 error If you do, this is most likely a problem with the coristig.github.io package,
23 error not with npm itself.
23 error Tell the author that this fails on your system:
23 error     node ./bin/www
23 error You can get information on how to open an issue for this project with:
23 error     npm bugs coristig.github.io
23 error Or if that isn't available, you can get their info via:
23 error     npm owner ls coristig.github.io
23 error There is likely additional logging output above.
24 verbose exit [ 1, true ]
